C:\INTERGRATE\PBRT-V2-SRC\PBRT-V2\TMP\PBRT\ASST4.OBJ
C:\INTERGRATE\PBRT-V2-SRC\PBRT-V2\TMP\PBRT\GLSUPPORT.OBJ
C:\INTERGRATE\PBRT-V2-SRC\PBRT-V2\TMP\PBRT\PBRT.OBJ
C:\INTERGRATE\PBRT-V2-SRC\PBRT-V2\TMP\PBRT\PICKER_0.OBJ
C:\INTERGRATE\PBRT-V2-SRC\PBRT-V2\TMP\PBRT\PPM.OBJ
C:\INTERGRATE\PBRT-V2-SRC\PBRT-V2\TMP\PBRT\VC110.PDB
C:\INTERGRATE\PBRT-V2-SRC\PBRT-V2\BIN\PBRT.ILK
C:\INTERGRATE\PBRT-V2-SRC\PBRT-V2\BIN\PBRT.EXE
C:\INTERGRATE\PBRT-V2-SRC\PBRT-V2\BIN\PBRT.PDB
C:\intergrate\pbrt-v2-src\pbrt-v2\tmp\pbrt\asst4.obj
C:\intergrate\pbrt-v2-src\pbrt-v2\tmp\pbrt\glsupport.obj
C:\intergrate\pbrt-v2-src\pbrt-v2\tmp\pbrt\pbrt.obj
C:\intergrate\pbrt-v2-src\pbrt-v2\tmp\pbrt\picker_0.obj
C:\intergrate\pbrt-v2-src\pbrt-v2\tmp\pbrt\ppm.obj
C:\intergrate\pbrt-v2-src\pbrt-v2\tmp\pbrt\cl.command.1.tlog
C:\intergrate\pbrt-v2-src\pbrt-v2\tmp\pbrt\CL.read.1.tlog
C:\intergrate\pbrt-v2-src\pbrt-v2\tmp\pbrt\CL.write.1.tlog
C:\intergrate\pbrt-v2-src\pbrt-v2\tmp\pbrt\link-cvtres.read.1.tlog
C:\intergrate\pbrt-v2-src\pbrt-v2\tmp\pbrt\link-cvtres.write.1.tlog
C:\intergrate\pbrt-v2-src\pbrt-v2\tmp\pbrt\link-rc.read.1.tlog
C:\intergrate\pbrt-v2-src\pbrt-v2\tmp\pbrt\link-rc.write.1.tlog
C:\intergrate\pbrt-v2-src\pbrt-v2\tmp\pbrt\link.command.1.tlog
C:\intergrate\pbrt-v2-src\pbrt-v2\tmp\pbrt\link.read.1.tlog
C:\intergrate\pbrt-v2-src\pbrt-v2\tmp\pbrt\link.write.1.tlog
C:\intergrate\pbrt-v2-src\pbrt-v2\tmp\pbrt\vc110.idb
C:\intergrate\pbrt-v2-src\pbrt-v2\tmp\pbrt\vc110.pdb
C:\intergrate\pbrt-v2-src\pbrt-v2\tmp\pbrt\../../bin/pbrt.pdb
C:\intergrate\pbrt-v2-src\pbrt-v2\src\pbrt.vs2012\../../bin/pbrt.exe
C:\intergrate\pbrt-v2-src\pbrt-v2\tmp\pbrt\../../bin/pbrt.ilk
